2024-02-14 13:52:45,699             [main] INFO  io.github.bonigarcia.wdm.WebDriverManager - Using chromedriver 121.0.6167.85 (resolved driver for Chrome 121)
2024-02-14 13:52:45,865             [main] INFO  io.github.bonigarcia.wdm.WebDriverManager - Exporting webdriver.chrome.driver as C:\Users\tyavi\.cache\selenium\chromedriver\win64\121.0.6167.85\chromedriver.exe
2024-02-14 13:53:01,134             [main] INFO  UITest - Открыли главную страницу
2024-02-14 13:53:14,254             [main] INFO  UITest - Перешли в раздел Календарь мероприятий
2024-02-14 13:53:25,177             [main] INFO  UITest - Проверили отображение карточек и дату мероприятий
2024-02-14 13:53:29,106             [AsyncHttpClient-1-4] WARN  org.asynchttpclient.netty.handler.WebSocketHandler - onError
java.net.SocketException: Connection reset
	at sun.nio.ch.SocketChannelImpl.throwConnectionReset(SocketChannelImpl.java:401) ~[?:?]
	at sun.nio.ch.SocketChannelImpl.read(SocketChannelImpl.java:434) ~[?:?]
	at io.netty.buffer.PooledByteBuf.setBytes(PooledByteBuf.java:254) ~[netty-buffer-4.1.96.Final.jar:4.1.96.Final]
	at io.netty.buffer.AbstractByteBuf.writeBytes(AbstractByteBuf.java:1132) ~[netty-buffer-4.1.96.Final.jar:4.1.96.Final]
	at io.netty.channel.socket.nio.NioSocketChannel.doReadBytes(NioSocketChannel.java:357) ~[netty-transport-4.1.96.Final.jar:4.1.96.Final]
	at io.netty.channel.nio.AbstractNioByteChannel$NioByteUnsafe.read(AbstractNioByteChannel.java:151) ~[netty-transport-4.1.96.Final.jar:4.1.96.Final]
	at io.netty.channel.nio.NioEventLoop.processSelectedKey(NioEventLoop.java:788) ~[netty-transport-4.1.96.Final.jar:4.1.96.Final]
	at io.netty.channel.nio.NioEventLoop.processSelectedKeysOptimized(NioEventLoop.java:724) ~[netty-transport-4.1.96.Final.jar:4.1.96.Final]
	at io.netty.channel.nio.NioEventLoop.processSelectedKeys(NioEventLoop.java:650) ~[netty-transport-4.1.96.Final.jar:4.1.96.Final]
	at io.netty.channel.nio.NioEventLoop.run(NioEventLoop.java:562) ~[netty-transport-4.1.96.Final.jar:4.1.96.Final]
	at io.netty.util.concurrent.SingleThreadEventExecutor$4.run(SingleThreadEventExecutor.java:997) ~[netty-common-4.1.96.Final.jar:4.1.96.Final]
	at io.netty.util.internal.ThreadExecutorMap$2.run(ThreadExecutorMap.java:74) ~[netty-common-4.1.96.Final.jar:4.1.96.Final]
	at io.netty.util.concurrent.FastThreadLocalRunnable.run(FastThreadLocalRunnable.java:30) ~[netty-common-4.1.96.Final.jar:4.1.96.Final]
	at java.lang.Thread.run(Thread.java:1583) ~[?:?]
2024-02-14 13:53:29,993             [main] INFO  UITest - Закрытие драйвера
2024-02-14 13:53:36,266             [main] INFO  UITest - Открыли главную страницу
2024-02-14 13:53:44,563             [main] INFO  UITest - Открыли Обучение и перешли в Тестирование
2024-02-14 13:53:55,582             [main] INFO  UITest - Выбрали курс
2024-02-14 13:54:06,763             [main] INFO  UITest - Проверили информацию о курсе
2024-02-14 13:54:09,910             [main] INFO  UITest - Закрытие драйвера
2024-02-14 13:54:12,319             [main] INFO  UITest - Открыли главную страницу
2024-02-14 13:54:18,654             [main] INFO  UITest - Закрытие драйвера
2024-02-14 13:54:21,308             [main] INFO  UITest - Открыли главную страницу
2024-02-14 13:54:29,011             [main] INFO  UITest - Открыли Обучение и перешли в Тестирование
2024-02-14 13:54:34,264             [main] INFO  UITest - Проверили, что выбран чекбокс Тестирование
2024-02-14 13:54:37,015             [main] INFO  UITest - Проверили отображение курсов и их количество
2024-02-14 13:54:40,623             [main] INFO  UITest - Закрытие драйвера
